app/build/intermediates/manifest_merge_blame_file/debug/processDebugMainManifest/manifest-merger-blame-debug-report.txt
1<?xml version="1.0" encoding="utf-8"?>
2<manifest xmlns:android="http://schemas.android.com/apk/res/android"
3    package="com.traininglog.app"
4    android:versionCode="1"
5    android:versionName="1.0" >
6
7    <uses-sdk
8        android:minSdkVersion="26"
9        android:targetSdkVersion="35" />
10
11    <uses-permission android:name="android.permission.INTERNET" />
11-->src\main\AndroidManifest.xml:4:5-67
11-->src\main\AndroidManifest.xml:4:22-64
12    <uses-permission
12-->src\main\AndroidManifest.xml:5:5-6:38
13        android:name="android.permission.WRITE_EXTERNAL_STORAGE"
13-->src\main\AndroidManifest.xml:5:22-78
14        android:maxSdkVersion="28" />
14-->src\main\AndroidManifest.xml:6:9-35
15    <uses-permission android:name="android.permission.POST_NOTIFICATIONS" />
15-->src\main\AndroidManifest.xml:7:5-77
15-->src\main\AndroidManifest.xml:7:22-74
16    <uses-permission android:name="android.permission.RECEIVE_BOOT_COMPLETED" />
16-->src\main\AndroidManifest.xml:8:5-81
16-->src\main\AndroidManifest.xml:8:22-78
17    <uses-permission android:name="android.permission.USE_EXACT_ALARM" />
17-->src\main\AndroidManifest.xml:9:5-74
17-->src\main\AndroidManifest.xml:9:22-71
18    <uses-permission android:name="android.permission.ACCESS_NETWORK_STATE" />
18-->[com.google.firebase:firebase-auth:23.0.0] AndroidManifest.xml:26:5-79
18-->[com.google.firebase:firebase-auth:23.0.0] AndroidManifest.xml:26:22-76
19    <uses-permission android:name="com.google.android.providers.gsf.permission.READ_GSERVICES" />
19-->[com.google.android.recaptcha:recaptcha:18.4.0] AndroidManifest.xml:9:5-98
19-->[com.google.android.recaptcha:recaptcha:18.4.0] AndroidManifest.xml:9:22-95
20
21    <permission
21-->[androidx.core:core:1.15.0] AndroidManifest.xml:22:5-24:47
22        android:name="com.traininglog.app.DYNAMIC_RECEIVER_NOT_EXPORTED_PERMISSION"
22-->[androidx.core:core:1.15.0] AndroidManifest.xml:23:9-81
23        android:protectionLevel="signature" />
23-->[androidx.core:core:1.15.0] AndroidManifest.xml:24:9-44
24
25    <uses-permission android:name="com.traininglog.app.DYNAMIC_RECEIVER_NOT_EXPORTED_PERMISSION" />
25-->[androidx.core:core:1.15.0] AndroidManifest.xml:26:5-97
25-->[androidx.core:core:1.15.0] AndroidManifest.xml:26:22-94
26
27    <application
27-->src\main\AndroidManifest.xml:10:5-43:19
28        android:allowBackup="true"
28-->src\main\AndroidManifest.xml:11:9-35
29        android:appComponentFactory="androidx.core.app.CoreComponentFactory"
29-->[androidx.core:core:1.15.0] AndroidManifest.xml:28:18-86
30        android:debuggable="true"
31        android:extractNativeLibs="false"
32        android:label="@string/app_name"
32-->src\main\AndroidManifest.xml:12:9-41
33        android:supportsRtl="true"
33-->src\main\AndroidManifest.xml:13:9-35
34        android:theme="@style/Theme.TrainingLog"
34-->src\main\AndroidManifest.xml:14:9-49
35        android:usesCleartextTraffic="true" >
35-->src\main\AndroidManifest.xml:15:9-44
36        <activity
36-->src\main\AndroidManifest.xml:16:9-25:20
37            android:name="com.traininglog.app.MainActivity"
37-->src\main\AndroidManifest.xml:17:13-41
38            android:exported="true"
38-->src\main\AndroidManifest.xml:18:13-36
39            android:screenOrientation="portrait"
39-->src\main\AndroidManifest.xml:19:13-49
40            android:windowSoftInputMode="adjustResize" >
40-->src\main\AndroidManifest.xml:20:13-55
41            <intent-filter>
41-->src\main\AndroidManifest.xml:21:13-24:29
42                <action android:name="android.intent.action.MAIN" />
42-->src\main\AndroidManifest.xml:22:17-69
42-->src\main\AndroidManifest.xml:22:25-66
43
44                <category android:name="android.intent.category.LAUNCHER" />
44-->src\main\AndroidManifest.xml:23:17-77
44-->src\main\AndroidManifest.xml:23:27-74
45            </intent-filter>
46        </activity>
47
48        <receiver
48-->src\main\AndroidManifest.xml:26:9-33:20
49            android:name="com.traininglog.app.NotificationReceiver"
49-->src\main\AndroidManifest.xml:27:13-49
50            android:exported="true" >
50-->src\main\AndroidManifest.xml:28:13-36
51            <intent-filter>
51-->src\main\AndroidManifest.xml:29:13-32:29
52                <action android:name="android.intent.action.BOOT_COMPLETED" />
52-->src\main\AndroidManifest.xml:30:17-79
52-->src\main\AndroidManifest.xml:30:25-76
53                <action android:name="com.traininglog.app.DAILY_NOTIFICATION" />
53-->src\main\AndroidManifest.xml:31:17-81
53-->src\main\AndroidManifest.xml:31:25-78
54            </intent-filter>
55        </receiver>
56
57        <provider
58            android:name="androidx.core.content.FileProvider"
58-->src\main\AndroidManifest.xml:35:13-62
59            android:authorities="com.traininglog.app.provider"
59-->src\main\AndroidManifest.xml:36:13-60
60            android:exported="false"
60-->src\main\AndroidManifest.xml:37:13-37
61            android:grantUriPermissions="true" >
61-->src\main\AndroidManifest.xml:38:13-47
62            <meta-data
62-->src\main\AndroidManifest.xml:39:13-41:54
63                android:name="android.support.FILE_PROVIDER_PATHS"
63-->src\main\AndroidManifest.xml:40:17-67
64                android:resource="@xml/file_paths" />
64-->src\main\AndroidManifest.xml:41:17-51
65        </provider>
66
67        <service
67-->[com.google.firebase:firebase-auth-ktx:23.0.0] AndroidManifest.xml:8:9-14:19
68            android:name="com.google.firebase.components.ComponentDiscoveryService"
68-->[com.google.firebase:firebase-auth-ktx:23.0.0] AndroidManifest.xml:9:13-84
69            android:directBootAware="true"
69-->[com.google.firebase:firebase-common:21.0.0] AndroidManifest.xml:32:13-43
70            android:exported="false" >
70-->[com.google.firebase:firebase-auth-ktx:23.0.0] AndroidManifest.xml:10:13-37
71            <meta-data
71-->[com.google.firebase:firebase-auth-ktx:23.0.0] AndroidManifest.xml:11:13-13:85
72                android:name="com.google.firebase.components:com.google.firebase.auth.ktx.FirebaseAuthLegacyRegistrar"
72-->[com.google.firebase:firebase-auth-ktx:23.0.0] AndroidManifest.xml:12:17-119
73                android:value="com.google.firebase.components.ComponentRegistrar" />
73-->[com.google.firebase:firebase-auth-ktx:23.0.0] AndroidManifest.xml:13:17-82
74            <meta-data
74-->[com.google.firebase:firebase-auth:23.0.0] AndroidManifest.xml:69:13-71:85
75                android:name="com.google.firebase.components:com.google.firebase.auth.FirebaseAuthRegistrar"
75-->[com.google.firebase:firebase-auth:23.0.0] AndroidManifest.xml:70:17-109
76                android:value="com.google.firebase.components.ComponentRegistrar" />
76-->[com.google.firebase:firebase-auth:23.0.0] AndroidManifest.xml:71:17-82
77            <meta-data
77-->[com.google.firebase:firebase-firestore-ktx:25.0.0] AndroidManifest.xml:12:13-14:85
78                android:name="com.google.firebase.components:com.google.firebase.firestore.ktx.FirebaseFirestoreLegacyRegistrar"
78-->[com.google.firebase:firebase-firestore-ktx:25.0.0] AndroidManifest.xml:13:17-129
79                android:value="com.google.firebase.components.ComponentRegistrar" />
79-->[com.google.firebase:firebase-firestore-ktx:25.0.0] AndroidManifest.xml:14:17-82
80            <meta-data
80-->[com.google.firebase:firebase-firestore:25.0.0] AndroidManifest.xml:17:13-19:85
81                android:name="com.google.firebase.components:com.google.firebase.firestore.FirebaseFirestoreKtxRegistrar"
81-->[com.google.firebase:firebase-firestore:25.0.0] AndroidManifest.xml:18:17-122
82                android:value="com.google.firebase.components.ComponentRegistrar" />
82-->[com.google.firebase:firebase-firestore:25.0.0] AndroidManifest.xml:19:17-82
83            <meta-data
83-->[com.google.firebase:firebase-firestore:25.0.0] AndroidManifest.xml:20:13-22:85
84                android:name="com.google.firebase.components:com.google.firebase.firestore.FirestoreRegistrar"
84-->[com.google.firebase:firebase-firestore:25.0.0] AndroidManifest.xml:21:17-111
85                android:value="com.google.firebase.components.ComponentRegistrar" />
85-->[com.google.firebase:firebase-firestore:25.0.0] AndroidManifest.xml:22:17-82
86            <meta-data
86-->[com.google.firebase:firebase-common-ktx:21.0.0] AndroidManifest.xml:12:13-14:85
87                android:name="com.google.firebase.components:com.google.firebase.ktx.FirebaseCommonLegacyRegistrar"
87-->[com.google.firebase:firebase-common-ktx:21.0.0] AndroidManifest.xml:13:17-116
88                android:value="com.google.firebase.components.ComponentRegistrar" />
88-->[com.google.firebase:firebase-common-ktx:21.0.0] AndroidManifest.xml:14:17-82
89            <meta-data
89-->[com.google.firebase:firebase-common:21.0.0] AndroidManifest.xml:35:13-37:85
90                android:name="com.google.firebase.components:com.google.firebase.FirebaseCommonKtxRegistrar"
90-->[com.google.firebase:firebase-common:21.0.0] AndroidManifest.xml:36:17-109
91                android:value="com.google.firebase.components.ComponentRegistrar" />
91-->[com.google.firebase:firebase-common:21.0.0] AndroidManifest.xml:37:17-82
92        </service>
93
94        <activity
94-->[com.google.firebase:firebase-auth:23.0.0] AndroidManifest.xml:29:9-46:20
95            android:name="com.google.firebase.auth.internal.GenericIdpActivity"
95-->[com.google.firebase:firebase-auth:23.0.0] AndroidManifest.xml:30:13-80
96            android:excludeFromRecents="true"
96-->[com.google.firebase:firebase-auth:23.0.0] AndroidManifest.xml:31:13-46
97            android:exported="true"
97-->[com.google.firebase:firebase-auth:23.0.0] AndroidManifest.xml:32:13-36
98            android:launchMode="singleTask"
98-->[com.google.firebase:firebase-auth:23.0.0] AndroidManifest.xml:33:13-44
99            android:theme="@android:style/Theme.Translucent.NoTitleBar" >
99-->[com.google.firebase:firebase-auth:23.0.0] AndroidManifest.xml:34:13-72
100            <intent-filter>
100-->[com.google.firebase:firebase-auth:23.0.0] AndroidManifest.xml:35:13-45:29
101                <action android:name="android.intent.action.VIEW" />
101-->[com.google.firebase:firebase-auth:23.0.0] AndroidManifest.xml:36:17-69
101-->[com.google.firebase:firebase-auth:23.0.0] AndroidManifest.xml:36:25-66
102
103                <category android:name="android.intent.category.DEFAULT" />
103-->[com.google.firebase:firebase-auth:23.0.0] AndroidManifest.xml:38:17-76
103-->[com.google.firebase:firebase-auth:23.0.0] AndroidManifest.xml:38:27-73
104                <category android:name="android.intent.category.BROWSABLE" />
104-->[com.google.firebase:firebase-auth:23.0.0] AndroidManifest.xml:39:17-78
104-->[com.google.firebase:firebase-auth:23.0.0] AndroidManifest.xml:39:27-75
105
106                <data
106-->[com.google.firebase:firebase-auth:23.0.0] AndroidManifest.xml:41:17-44:51
107                    android:host="firebase.auth"
107-->[com.google.firebase:firebase-auth:23.0.0] AndroidManifest.xml:42:21-49
108                    android:path="/"
108-->[com.google.firebase:firebase-auth:23.0.0] AndroidManifest.xml:43:21-37
109                    android:scheme="genericidp" />
109-->[com.google.firebase:firebase-auth:23.0.0] AndroidManifest.xml:44:21-48
110            </intent-filter>
111        </activity>
112        <activity
112-->[com.google.firebase:firebase-auth:23.0.0] AndroidManifest.xml:47:9-64:20
113            android:name="com.google.firebase.auth.internal.RecaptchaActivity"
113-->[com.google.firebase:firebase-auth:23.0.0] AndroidManifest.xml:48:13-79
114            android:excludeFromRecents="true"
114-->[com.google.firebase:firebase-auth:23.0.0] AndroidManifest.xml:49:13-46
115            android:exported="true"
115-->[com.google.firebase:firebase-auth:23.0.0] AndroidManifest.xml:50:13-36
116            android:launchMode="singleTask"
116-->[com.google.firebase:firebase-auth:23.0.0] AndroidManifest.xml:51:13-44
117            android:theme="@android:style/Theme.Translucent.NoTitleBar" >
117-->[com.google.firebase:firebase-auth:23.0.0] AndroidManifest.xml:52:13-72
118            <intent-filter>
118-->[com.google.firebase:firebase-auth:23.0.0] AndroidManifest.xml:53:13-63:29
119                <action android:name="android.intent.action.VIEW" />
119-->[com.google.firebase:firebase-auth:23.0.0] AndroidManifest.xml:36:17-69
119-->[com.google.firebase:firebase-auth:23.0.0] AndroidManifest.xml:36:25-66
120
121                <category android:name="android.intent.category.DEFAULT" />
121-->[com.google.firebase:firebase-auth:23.0.0] AndroidManifest.xml:38:17-76
121-->[com.google.firebase:firebase-auth:23.0.0] AndroidManifest.xml:38:27-73
122                <category android:name="android.intent.category.BROWSABLE" />
122-->[com.google.firebase:firebase-auth:23.0.0] AndroidManifest.xml:39:17-78
122-->[com.google.firebase:firebase-auth:23.0.0] AndroidManifest.xml:39:27-75
123
124                <data
124-->[com.google.firebase:firebase-auth:23.0.0] AndroidManifest.xml:41:17-44:51
125                    android:host="firebase.auth"
125-->[com.google.firebase:firebase-auth:23.0.0] AndroidManifest.xml:42:21-49
126                    android:path="/"
126-->[com.google.firebase:firebase-auth:23.0.0] AndroidManifest.xml:43:21-37
127                    android:scheme="recaptcha" />
127-->[com.google.firebase:firebase-auth:23.0.0] AndroidManifest.xml:44:21-48
128            </intent-filter>
129        </activity>
130
131        <service
131-->[androidx.credentials:credentials-play-services-auth:1.2.0-rc01] AndroidManifest.xml:24:9-32:19
132            android:name="androidx.credentials.playservices.CredentialProviderMetadataHolder"
132-->[androidx.credentials:credentials-play-services-auth:1.2.0-rc01] AndroidManifest.xml:25:13-94
133            android:enabled="true"
133-->[androidx.credentials:credentials-play-services-auth:1.2.0-rc01] AndroidManifest.xml:26:13-35
134            android:exported="false" >
134-->[androidx.credentials:credentials-play-services-auth:1.2.0-rc01] AndroidManifest.xml:27:13-37
135            <meta-data
135-->[androidx.credentials:credentials-play-services-auth:1.2.0-rc01] AndroidManifest.xml:29:13-31:104
136                android:name="androidx.credentials.CREDENTIAL_PROVIDER_KEY"
136-->[androidx.credentials:credentials-play-services-auth:1.2.0-rc01] AndroidManifest.xml:30:17-76
137                android:value="androidx.credentials.playservices.CredentialProviderPlayServicesImpl" />
137-->[androidx.credentials:credentials-play-services-auth:1.2.0-rc01] AndroidManifest.xml:31:17-101
138        </service>
139
140        <activity
140-->[androidx.credentials:credentials-play-services-auth:1.2.0-rc01] AndroidManifest.xml:34:9-41:20
141            android:name="androidx.credentials.playservices.HiddenActivity"
141-->[androidx.credentials:credentials-play-services-auth:1.2.0-rc01] AndroidManifest.xml:35:13-76
142            android:configChanges="orientation|screenSize|screenLayout|keyboardHidden"
142-->[androidx.credentials:credentials-play-services-auth:1.2.0-rc01] AndroidManifest.xml:36:13-87
143            android:enabled="true"
143-->[androidx.credentials:credentials-play-services-auth:1.2.0-rc01] AndroidManifest.xml:37:13-35
144            android:exported="false"
144-->[androidx.credentials:credentials-play-services-auth:1.2.0-rc01] AndroidManifest.xml:38:13-37
145            android:fitsSystemWindows="true"
145-->[androidx.credentials:credentials-play-services-auth:1.2.0-rc01] AndroidManifest.xml:39:13-45
146            android:theme="@style/Theme.Hidden" >
146-->[androidx.credentials:credentials-play-services-auth:1.2.0-rc01] AndroidManifest.xml:40:13-48
147        </activity>
148        <activity
148-->[com.google.android.gms:play-services-auth:21.2.0] AndroidManifest.xml:23:9-27:75
149            android:name="com.google.android.gms.auth.api.signin.internal.SignInHubActivity"
149-->[com.google.android.gms:play-services-auth:21.2.0] AndroidManifest.xml:24:13-93
150            android:excludeFromRecents="true"
150-->[com.google.android.gms:play-services-auth:21.2.0] AndroidManifest.xml:25:13-46
151            android:exported="false"
151-->[com.google.android.gms:play-services-auth:21.2.0] AndroidManifest.xml:26:13-37
152            android:theme="@android:style/Theme.Translucent.NoTitleBar" />
152-->[com.google.android.gms:play-services-auth:21.2.0] AndroidManifest.xml:27:13-72
153        <!--
154            Service handling Google Sign-In user revocation. For apps that do not integrate with
155            Google Sign-In, this service will never be started.
156        -->
157        <service
157-->[com.google.android.gms:play-services-auth:21.2.0] AndroidManifest.xml:33:9-37:51
158            android:name="com.google.android.gms.auth.api.signin.RevocationBoundService"
158-->[com.google.android.gms:play-services-auth:21.2.0] AndroidManifest.xml:34:13-89
159            android:exported="true"
159-->[com.google.android.gms:play-services-auth:21.2.0] AndroidManifest.xml:35:13-36
160            android:permission="com.google.android.gms.auth.api.signin.permission.REVOCATION_NOTIFICATION"
160-->[com.google.android.gms:play-services-auth:21.2.0] AndroidManifest.xml:36:13-107
161            android:visibleToInstantApps="true" />
161-->[com.google.android.gms:play-services-auth:21.2.0] AndroidManifest.xml:37:13-48
162
163        <activity
163-->[com.google.android.gms:play-services-base:18.3.0] AndroidManifest.xml:20:9-22:45
164            android:name="com.google.android.gms.common.api.GoogleApiActivity"
164-->[com.google.android.gms:play-services-base:18.3.0] AndroidManifest.xml:20:19-85
165            android:exported="false"
165-->[com.google.android.gms:play-services-base:18.3.0] AndroidManifest.xml:22:19-43
166            android:theme="@android:style/Theme.Translucent.NoTitleBar" />
166-->[com.google.android.gms:play-services-base:18.3.0] AndroidManifest.xml:21:19-78
167
168        <provider
168-->[com.google.firebase:firebase-common:21.0.0] AndroidManifest.xml:23:9-28:39
169            android:name="com.google.firebase.provider.FirebaseInitProvider"
169-->[com.google.firebase:firebase-common:21.0.0] AndroidManifest.xml:24:13-77
170            android:authorities="com.traininglog.app.firebaseinitprovider"
170-->[com.google.firebase:firebase-common:21.0.0] AndroidManifest.xml:25:13-72
171            android:directBootAware="true"
171-->[com.google.firebase:firebase-common:21.0.0] AndroidManifest.xml:26:13-43
172            android:exported="false"
172-->[com.google.firebase:firebase-common:21.0.0] AndroidManifest.xml:27:13-37
173            android:initOrder="100" />
173-->[com.google.firebase:firebase-common:21.0.0] AndroidManifest.xml:28:13-36
174        <provider
174-->[androidx.emoji2:emoji2:1.3.0] AndroidManifest.xml:24:9-32:20
175            android:name="androidx.startup.InitializationProvider"
175-->[androidx.emoji2:emoji2:1.3.0] AndroidManifest.xml:25:13-67
176            android:authorities="com.traininglog.app.androidx-startup"
176-->[androidx.emoji2:emoji2:1.3.0] AndroidManifest.xml:26:13-68
177            android:exported="false" >
177-->[androidx.emoji2:emoji2:1.3.0] AndroidManifest.xml:27:13-37
178            <meta-data
178-->[androidx.emoji2:emoji2:1.3.0] AndroidManifest.xml:29:13-31:52
179                android:name="androidx.emoji2.text.EmojiCompatInitializer"
179-->[androidx.emoji2:emoji2:1.3.0] AndroidManifest.xml:30:17-75
180                android:value="androidx.startup" />
180-->[androidx.emoji2:emoji2:1.3.0] AndroidManifest.xml:31:17-49
181            <meta-data
181-->[androidx.lifecycle:lifecycle-process:2.6.2] AndroidManifest.xml:29:13-31:52
182                android:name="androidx.lifecycle.ProcessLifecycleInitializer"
182-->[androidx.lifecycle:lifecycle-process:2.6.2] AndroidManifest.xml:30:17-78
183                android:value="androidx.startup" />
183-->[androidx.lifecycle:lifecycle-process:2.6.2] AndroidManifest.xml:31:17-49
184            <meta-data
184-->[androidx.profileinstaller:profileinstaller:1.4.0] AndroidManifest.xml:29:13-31:52
185                android:name="androidx.profileinstaller.ProfileInstallerInitializer"
185-->[androidx.profileinstaller:profileinstaller:1.4.0] AndroidManifest.xml:30:17-85
186                android:value="androidx.startup" />
186-->[androidx.profileinstaller:profileinstaller:1.4.0] AndroidManifest.xml:31:17-49
187        </provider>
188
189        <meta-data
189-->[com.google.android.gms:play-services-basement:18.3.0] AndroidManifest.xml:21:9-23:69
190            android:name="com.google.android.gms.version"
190-->[com.google.android.gms:play-services-basement:18.3.0] AndroidManifest.xml:22:13-58
191            android:value="@integer/google_play_services_version" />
191-->[com.google.android.gms:play-services-basement:18.3.0] AndroidManifest.xml:23:13-66
192
193        <receiver
193-->[androidx.profileinstaller:profileinstaller:1.4.0] AndroidManifest.xml:34:9-52:20
194            android:name="androidx.profileinstaller.ProfileInstallReceiver"
194-->[androidx.profileinstaller:profileinstaller:1.4.0] AndroidManifest.xml:35:13-76
195            android:directBootAware="false"
195-->[androidx.profileinstaller:profileinstaller:1.4.0] AndroidManifest.xml:36:13-44
196            android:enabled="true"
196-->[androidx.profileinstaller:profileinstaller:1.4.0] AndroidManifest.xml:37:13-35
197            android:exported="true"
197-->[androidx.profileinstaller:profileinstaller:1.4.0] AndroidManifest.xml:38:13-36
198            android:permission="android.permission.DUMP" >
198-->[androidx.profileinstaller:profileinstaller:1.4.0] AndroidManifest.xml:39:13-57
199            <intent-filter>
199-->[androidx.profileinstaller:profileinstaller:1.4.0] AndroidManifest.xml:40:13-42:29
200                <action android:name="androidx.profileinstaller.action.INSTALL_PROFILE" />
200-->[androidx.profileinstaller:profileinstaller:1.4.0] AndroidManifest.xml:41:17-91
200-->[androidx.profileinstaller:profileinstaller:1.4.0] AndroidManifest.xml:41:25-88
201            </intent-filter>
202            <intent-filter>
202-->[androidx.profileinstaller:profileinstaller:1.4.0] AndroidManifest.xml:43:13-45:29
203                <action android:name="androidx.profileinstaller.action.SKIP_FILE" />
203-->[androidx.profileinstaller:profileinstaller:1.4.0] AndroidManifest.xml:44:17-85
203-->[androidx.profileinstaller:profileinstaller:1.4.0] AndroidManifest.xml:44:25-82
204            </intent-filter>
205            <intent-filter>
205-->[androidx.profileinstaller:profileinstaller:1.4.0] AndroidManifest.xml:46:13-48:29
206                <action android:name="androidx.profileinstaller.action.SAVE_PROFILE" />
206-->[androidx.profileinstaller:profileinstaller:1.4.0] AndroidManifest.xml:47:17-88
206-->[androidx.profileinstaller:profileinstaller:1.4.0] AndroidManifest.xml:47:25-85
207            </intent-filter>
208            <intent-filter>
208-->[androidx.profileinstaller:profileinstaller:1.4.0] AndroidManifest.xml:49:13-51:29
209                <action android:name="androidx.profileinstaller.action.BENCHMARK_OPERATION" />
209-->[androidx.profileinstaller:profileinstaller:1.4.0] AndroidManifest.xml:50:17-95
209-->[androidx.profileinstaller:profileinstaller:1.4.0] AndroidManifest.xml:50:25-92
210            </intent-filter>
211        </receiver>
212    </application>
213
214</manifest>